0 info it worked if it ends with ok
1 verbose cli [ '/usr/local/Cellar/node/7.2.1/bin/node',
1 verbose cli   '/usr/local/bin/npm',
1 verbose cli   'publish' ]
2 info using npm@3.10.9
3 info using node@v7.2.1
4 verbose publish [ '.' ]
5 silly cache add args [ '.', null ]
6 verbose cache add spec .
7 silly cache add parsed spec Result {
7 silly cache add   raw: '.',
7 silly cache add   scope: null,
7 silly cache add   escapedName: null,
7 silly cache add   name: null,
7 silly cache add   rawSpec: '.',
7 silly cache add   spec: '/Users/rakhim/code/projects/project-lvl1-s17',
7 silly cache add   type: 'directory' }
8 verbose addLocalDirectory /Users/rakhim/.npm/project-lvl1-s17-001/0.0.1/package.tgz not in flight; packing
9 verbose correctMkdir /Users/rakhim/.npm correctMkdir not in flight; initializing
10 info lifecycle project-lvl1-s17-001@0.0.1~prepublish: project-lvl1-s17-001@0.0.1
11 verbose lifecycle project-lvl1-s17-001@0.0.1~prepublish: unsafe-perm in lifecycle true
12 verbose lifecycle project-lvl1-s17-001@0.0.1~prepublish: PATH: /usr/local/lib/node_modules/npm/bin/node-gyp-bin:/Users/rakhim/code/projects/project-lvl1-s17/node_modules/.bin:/usr/local/Cellar/node/7.2.1/bin:/usr/local/bin:/usr/bin:/bin:/usr/sbin:/sbin
13 verbose lifecycle project-lvl1-s17-001@0.0.1~prepublish: CWD: /Users/rakhim/code/projects/project-lvl1-s17
14 silly lifecycle project-lvl1-s17-001@0.0.1~prepublish: Args: [ '-c', 'npm run build' ]
15 silly lifecycle project-lvl1-s17-001@0.0.1~prepublish: Returned: code: 0  signal: null
16 verbose tar pack [ '/Users/rakhim/.npm/project-lvl1-s17-001/0.0.1/package.tgz',
16 verbose tar pack   '/Users/rakhim/code/projects/project-lvl1-s17' ]
17 verbose tarball /Users/rakhim/.npm/project-lvl1-s17-001/0.0.1/package.tgz
18 verbose folder /Users/rakhim/code/projects/project-lvl1-s17
19 verbose addLocalTarball adding from inside cache /Users/rakhim/.npm/project-lvl1-s17-001/0.0.1/package.tgz
20 verbose correctMkdir /Users/rakhim/.npm correctMkdir not in flight; initializing
21 silly cache afterAdd project-lvl1-s17-001@0.0.1
22 verbose afterAdd /Users/rakhim/.npm/project-lvl1-s17-001/0.0.1/package/package.json not in flight; writing
23 verbose correctMkdir /Users/rakhim/.npm correctMkdir not in flight; initializing
24 verbose afterAdd /Users/rakhim/.npm/project-lvl1-s17-001/0.0.1/package/package.json written
25 silly publish { name: 'project-lvl1-s17-001',
25 silly publish   version: '0.0.1',
25 silly publish   description: 'Hexlet Projects, session 17',
25 silly publish   main: 'index.js',
25 silly publish   devDependencies:
25 silly publish    { 'babel-cli': '*',
25 silly publish      'babel-core': '*',
25 silly publish      'babel-preset-env': '*',
25 silly publish      'babel-preset-stage-0': '*',
25 silly publish      'readline-sync': '*' },
25 silly publish   scripts:
25 silly publish    { prepublish: 'npm run build',
25 silly publish      test: 'echo "Error: no test specified" && exit 1',
25 silly publish      'babel-node': 'babel-node',
25 silly publish      build: 'NODE_ENV=production babel src --out-dir dist --source-maps inline' },
25 silly publish   bin: { 'brain-games': 'dist/bin/brain-games.js' },
25 silly publish   repository:
25 silly publish    { type: 'git',
25 silly publish      url: 'git+https://github.com/freetonik/project-lvl1-s17.git' },
25 silly publish   author: '',
25 silly publish   license: 'ISC',
25 silly publish   bugs: { url: 'https://github.com/freetonik/project-lvl1-s17/issues' },
25 silly publish   homepage: 'https://github.com/freetonik/project-lvl1-s17#readme',
25 silly publish   gitHead: 'd529175d97e6d7506b9583b70e34c75cfaea2a97',
25 silly publish   readme: 'ERROR: No README data found!',
25 silly publish   _id: 'project-lvl1-s17-001@0.0.1',
25 silly publish   _shasum: 'a45a8a74af7ac762269268e9f611dfe23ce5cfc3',
25 silly publish   _from: '.' }
26 verbose getPublishConfig undefined
27 silly mapToRegistry name project-lvl1-s17-001
28 silly mapToRegistry using default registry
29 silly mapToRegistry registry https://registry.npmjs.org/
30 silly mapToRegistry data Result {
30 silly mapToRegistry   raw: 'project-lvl1-s17-001',
30 silly mapToRegistry   scope: null,
30 silly mapToRegistry   escapedName: 'project-lvl1-s17-001',
30 silly mapToRegistry   name: 'project-lvl1-s17-001',
30 silly mapToRegistry   rawSpec: '',
30 silly mapToRegistry   spec: 'latest',
30 silly mapToRegistry   type: 'tag' }
31 silly mapToRegistry uri https://registry.npmjs.org/project-lvl1-s17-001
32 verbose publish registryBase https://registry.npmjs.org/
33 silly publish uploading /Users/rakhim/.npm/project-lvl1-s17-001/0.0.1/package.tgz
34 verbose request uri https://registry.npmjs.org/project-lvl1-s17-001
35 verbose request sending authorization for write operation
36 info attempt registry request try #1 at 2:26:14 PM
37 verbose request using bearer token for auth
38 verbose request id f924d0c83d87ab07
39 http request PUT https://registry.npmjs.org/project-lvl1-s17-001
40 http 403 https://registry.npmjs.org/project-lvl1-s17-001
41 verbose headers { 'content-type': 'application/json',
41 verbose headers   'cache-control': 'max-age=300',
41 verbose headers   'content-length': '95',
41 verbose headers   'accept-ranges': 'bytes',
41 verbose headers   date: 'Mon, 16 Jan 2017 12:26:15 GMT',
41 verbose headers   via: '1.1 varnish',
41 verbose headers   connection: 'keep-alive',
41 verbose headers   'x-served-by': 'cache-bma7022-BMA',
41 verbose headers   'x-cache': 'MISS',
41 verbose headers   'x-cache-hits': '0',
41 verbose headers   'x-timer': 'S1484569574.255884,VS0,VE1194',
41 verbose headers   vary: 'Accept-Encoding' }
42 verbose request invalidating /Users/rakhim/.npm/registry.npmjs.org/project-lvl1-s17-001 on PUT
43 error publish Failed PUT 403
44 verbose stack Error: "You cannot publish over the previously published version 0.0.1." : project-lvl1-s17-001
44 verbose stack     at makeError (/usr/local/lib/node_modules/npm/node_modules/npm-registry-client/lib/request.js:302:12)
44 verbose stack     at CachingRegistryClient.<anonymous> (/usr/local/lib/node_modules/npm/node_modules/npm-registry-client/lib/request.js:290:14)
44 verbose stack     at Request._callback (/usr/local/lib/node_modules/npm/node_modules/npm-registry-client/lib/request.js:210:14)
44 verbose stack     at Request.self.callback (/usr/local/lib/node_modules/npm/node_modules/request/request.js:187:22)
44 verbose stack     at emitTwo (events.js:106:13)
44 verbose stack     at Request.emit (events.js:191:7)
44 verbose stack     at Request.<anonymous> (/usr/local/lib/node_modules/npm/node_modules/request/request.js:1048:10)
44 verbose stack     at emitOne (events.js:96:13)
44 verbose stack     at Request.emit (events.js:188:7)
44 verbose stack     at IncomingMessage.<anonymous> (/usr/local/lib/node_modules/npm/node_modules/request/request.js:969:12)
45 verbose statusCode 403
46 verbose pkgid project-lvl1-s17-001
47 verbose cwd /Users/rakhim/code/projects/project-lvl1-s17
48 error Darwin 16.3.0
49 error argv "/usr/local/Cellar/node/7.2.1/bin/node" "/usr/local/bin/npm" "publish"
50 error node v7.2.1
51 error npm  v3.10.9
52 error code E403
53 error "You cannot publish over the previously published version 0.0.1." : project-lvl1-s17-001
54 error If you need help, you may report this error at:
54 error     <https://github.com/npm/npm/issues>
55 verbose exit [ 1, true ]
